<?xml version="1.0" encoding="UTF-8"?>
<!-- Generated by org.testng.reporters.JUnitReportReporter -->
<testsuite hostname="DESKTOP-C1DL1NS" failures="0" tests="1" name="practice.Draganddroppractice" time="1.132" errors="0" timestamp="2023-12-15T17:40:11 IST" skipped="0">
  <testcase classname="practice.Draganddroppractice" name="draganddrop" time="1.132"/>
  <system-out/>
</testsuite> <!-- practice.Draganddroppractice -->
