<?xml version="1.0" encoding="UTF-8"?>
<!-- Generated by org.testng.reporters.JUnitReportReporter -->
<testsuite hostname="DESKTOP-C1DL1NS" failures="0" tests="1" name="testngpkg.RobotFileupload" time="14.626" errors="0" timestamp="2023-12-26T16:34:27 IST" skipped="0">
  <testcase classname="testngpkg.RobotFileupload" name="fileuploadprgm" time="14.626"/>
  <system-out/>
</testsuite> <!-- testngpkg.RobotFileupload -->
