<?xml version="1.0" encoding="UTF-8"?>
<!-- Generated by org.testng.reporters.JUnitReportReporter -->
<testsuite hostname="DESKTOP-C1DL1NS" failures="0" tests="1" name="testngpkg.DatePicker" time="1.271" errors="0" timestamp="2023-12-20T17:32:33 IST" skipped="0">
  <testcase classname="testngpkg.DatePicker" name="f" time="1.271"/>
  <system-out/>
</testsuite> <!-- testngpkg.DatePicker -->
