<?xml version="1.0" encoding="UTF-8"?>
<!-- Generated by org.testng.reporters.JUnitReportReporter -->
<testsuite hostname="DESKTOP-C1DL1NS" failures="0" tests="1" name="testngpkg.Datadriven" time="42.222" errors="0" timestamp="2023-12-28T17:10:53 IST" skipped="0">
  <testcase classname="testngpkg.Datadriven" name="signup" time="42.222"/>
  <system-out/>
</testsuite> <!-- testngpkg.Datadriven -->
