<?xml version="1.0" encoding="UTF-8"?>
<!-- Generated by org.testng.reporters.JUnitReportReporter -->
<testsuite hostname="DESKTOP-C1DL1NS" failures="0" tests="1" name="testngpkg.Parameterprgm" time="0.023" errors="0" timestamp="2023-12-13T16:49:21 IST" skipped="0">
  <testcase classname="testngpkg.Parameterprgm" name="main" time="0.023"/>
  <system-out/>
</testsuite> <!-- testngpkg.Parameterprgm -->
