<?xml version="1.0" encoding="UTF-8"?>
<!-- Generated by org.testng.reporters.JUnitReportReporter -->
<testsuite hostname="DESKTOP-C1DL1NS" failures="0" tests="1" name="herbaltestpkg.healthherbaltest" time="6.532" errors="0" timestamp="2024-01-03T17:27:00 IST" skipped="0">
  <testcase classname="herbaltestpkg.healthherbaltest" name="healthherbaltestcreate" time="6.532"/>
  <system-out/>
</testsuite> <!-- herbaltestpkg.healthherbaltest -->
