<?xml version="1.0" encoding="UTF-8"?>
<!-- Generated by org.testng.reporters.JUnitReportReporter -->
<testsuite hostname="DESKTOP-C1DL1NS" failures="0" tests="1" name="practice.Titlecomparison" time="3.866" errors="0" timestamp="2023-12-27T17:08:50 IST" skipped="0">
  <testcase classname="practice.Titlecomparison" name="test" time="3.866"/>
  <system-out/>
</testsuite> <!-- practice.Titlecomparison -->
