<?xml version="1.0" encoding="UTF-8"?>
<!-- Generated by org.testng.reporters.JUnitReportReporter -->
<testsuite hostname="DESKTOP-C1DL1NS" failures="0" tests="1" name="practice.Getwindowhandlesguru" time="12.651" errors="0" timestamp="2023-12-21T16:58:58 IST" skipped="0">
  <testcase classname="practice.Getwindowhandlesguru" name="testing" time="12.651"/>
  <system-out/>
</testsuite> <!-- practice.Getwindowhandlesguru -->
