<?xml version="1.0" encoding="UTF-8"?>
<!-- Generated by org.testng.reporters.JUnitReportReporter -->
<testsuite hostname="DESKTOP-C1DL1NS" failures="0" tests="1" name="herbaltestpkg.herballogintest" time="4.314" errors="0" timestamp="2024-01-03T17:27:00 IST" skipped="0">
  <testcase classname="herbaltestpkg.herballogintest" name="testcreate" time="4.314"/>
  <system-out/>
</testsuite> <!-- herbaltestpkg.herballogintest -->
