<?xml version="1.0" encoding="UTF-8"?>
<!-- Generated by org.testng.reporters.JUnitReportReporter -->
<testsuite hostname="DESKTOP-C1DL1NS" failures="0" tests="3" name="testngpkg.Grouping" time="5.308" errors="0" timestamp="2023-12-13T16:14:53 IST" skipped="1">
  <testcase classname="testngpkg.Grouping" name="titleverification" time="4.446"/>
  <system-out/>
  <testcase classname="testngpkg.Grouping" name="printlink" time="0.862"/>
  <system-out/>
  <testcase classname="testngpkg.Grouping" name="addressinformation">
    <skipped/>
  </testcase> <!-- addressinformation -->
  <system-out/>
</testsuite> <!-- testngpkg.Grouping -->
