<?xml version="1.0" encoding="UTF-8"?>
<!-- Generated by org.testng.reporters.JUnitReportReporter -->
<testsuite hostname="DESKTOP-C1DL1NS" failures="0" tests="1" name="practice.Testngpracticefacebook" time="5.549" errors="0" timestamp="2023-12-13T17:44:25 IST" skipped="0">
  <testcase classname="practice.Testngpracticefacebook" name="main" time="5.549"/>
  <system-out/>
</testsuite> <!-- practice.Testngpracticefacebook -->
