<?xml version="1.0" encoding="UTF-8"?>
<!-- Generated by org.testng.reporters.JUnitReportReporter -->
<testsuite hostname="DESKTOP-C1DL1NS" failures="0" tests="1" name="testngpkg.Mouseoverebay" time="3.335" errors="0" timestamp="2023-12-21T16:29:12 IST" skipped="0">
  <testcase classname="testngpkg.Mouseoverebay" name="testing" time="3.335"/>
  <system-out/>
</testsuite> <!-- testngpkg.Mouseoverebay -->
