<?xml version="1.0" encoding="UTF-8"?>
<!-- Generated by org.testng.reporters.JUnitReportReporter -->
<testsuite hostname="DESKTOP-C1DL1NS" failures="0" tests="1" name="testpkg.Fblogintest" time="8.067" errors="0" timestamp="2024-01-03T15:47:50 IST" skipped="0">
  <testcase classname="testpkg.Fblogintest" name="testlogin" time="8.067"/>
  <system-out/>
</testsuite> <!-- testpkg.Fblogintest -->
