<?xml version="1.0" encoding="UTF-8"?>
<!-- Generated by org.testng.reporters.JUnitReportReporter -->
<testsuite hostname="DESKTOP-C1DL1NS" failures="0" tests="1" name="practice.Newsitepractice" time="0.821" errors="0" timestamp="2023-12-14T17:31:47 IST" skipped="0">
  <testcase classname="practice.Newsitepractice" name="page" time="0.821"/>
  <system-out/>
</testsuite> <!-- practice.Newsitepractice -->
