<?xml version="1.0" encoding="UTF-8"?>
<!-- Generated by org.testng.reporters.JUnitReportReporter -->
<testsuite hostname="DESKTOP-C1DL1NS" failures="0" tests="1" name="practice.Amazonepractice" time="22.759" errors="0" timestamp="2023-12-22T17:01:02 IST" skipped="0">
  <testcase classname="practice.Amazonepractice" name="Test1" time="22.759"/>
  <system-out/>
</testsuite> <!-- practice.Amazonepractice -->
