<?xml version="1.0" encoding="UTF-8"?>
<!-- Generated by org.testng.reporters.JUnitReportReporter -->
<testsuite hostname="DESKTOP-C1DL1NS" failures="0" tests="1" name="practice.Titlecomparisonsoft" time="1.750" errors="0" timestamp="2023-12-27T17:13:01 IST" skipped="0">
  <testcase classname="practice.Titlecomparisonsoft" name="test" time="1.750"/>
  <system-out/>
</testsuite> <!-- practice.Titlecomparisonsoft -->
