<?xml version="1.0" encoding="UTF-8"?>
<!-- Generated by org.testng.reporters.JUnitReportReporter -->
<testsuite hostname="DESKTOP-C1DL1NS" failures="0" tests="3" name="testngpkg.Crossbrowsertesting" time="53.222" errors="0" timestamp="2023-12-15T16:34:18 IST" skipped="0">
  <testcase classname="testngpkg.Crossbrowsertesting" name="urlloading" time="37.002"/>
  <system-out/>
  <testcase classname="testngpkg.Crossbrowsertesting" name="urlloading" time="13.553"/>
  <system-out/>
  <testcase classname="testngpkg.Crossbrowsertesting" name="urlloading" time="2.667"/>
  <system-out/>
</testsuite> <!-- testngpkg.Crossbrowsertesting -->
