<?xml version="1.0" encoding="UTF-8"?>
<!-- Generated by org.testng.reporters.JUnitReportReporter -->
<testsuite hostname="DESKTOP-C1DL1NS" failures="0" tests="1" name="testngpkg.FileuploadAutoit" time="14.970" errors="0" timestamp="2023-12-27T16:41:22 IST" skipped="0">
  <testcase classname="testngpkg.FileuploadAutoit" name="fileuploadprgm" time="14.970"/>
  <system-out/>
</testsuite> <!-- testngpkg.FileuploadAutoit -->
