<?xml version="1.0" encoding="UTF-8"?>
<!-- Generated by org.testng.reporters.JUnitReportReporter -->
<testsuite hostname="DESKTOP-C1DL1NS" failures="0" tests="1" name="pkg.Copypaste" time="0.791" errors="0" timestamp="2023-12-14T16:16:05 IST" skipped="0">
  <testcase classname="pkg.Copypaste" name="createaccount" time="0.791"/>
  <system-out/>
</testsuite> <!-- pkg.Copypaste -->
