<?xml version="1.0" encoding="UTF-8"?>
<!-- Generated by org.testng.reporters.JUnitReportReporter -->
<testsuite hostname="DESKTOP-C1DL1NS" failures="0" tests="1" name="testngpkg.Assertionprgm" time="0.028" errors="0" timestamp="2023-12-27T16:53:22 IST" skipped="0">
  <testcase classname="testngpkg.Assertionprgm" name="tittle" time="0.028"/>
  <system-out/>
</testsuite> <!-- testngpkg.Assertionprgm -->
